  Camera.cpp
  Casilla.cpp
  DirectionalLight.cpp
  Light.cpp
D:\Descargas\ProyectoF\Proyecto\Proyecto\DirectionalLight.cpp(18,14): warning C4244: 'argumento': conversión de 'GLfloat' a 'GLint'; posible pérdida de datos
D:\Descargas\ProyectoF\Proyecto\Proyecto\DirectionalLight.cpp(19,14): warning C4244: 'argumento': conversión de 'GLfloat' a 'GLint'; posible pérdida de datos
D:\Descargas\ProyectoF\Proyecto\Proyecto\DirectionalLight.cpp(21,14): warning C4244: 'argumento': conversión de 'GLfloat' a 'GLint'; posible pérdida de datos
D:\Descargas\ProyectoF\Proyecto\Proyecto\DirectionalLight.cpp(22,14): warning C4244: 'argumento': conversión de 'GLfloat' a 'GLint'; posible pérdida de datos
  Material.cpp
  Mesh_tn.cpp
  Model.cpp
D:\Descargas\ProyectoF\Proyecto\Proyecto\Model.cpp(16,10): warning C4477: 'printf' : la cadena de formato '%s' requiere un argumento de tipo 'char *', pero el argumento variádico 1 tiene el tipo 'const std::string'
D:\Descargas\ProyectoF\Proyecto\Proyecto\Model.cpp(16,80): warning C4474: "printf": se pasaron demasiados argumentos para la cadena de formato
D:\Descargas\ProyectoF\Proyecto\Proyecto\Model.cpp(51,7): warning C4804: '<': uso no seguro del tipo 'bool' en la operación
D:\Descargas\ProyectoF\Proyecto\Proyecto\Model.cpp(51,21): warning C4018: '<': no coinciden signed/unsigned
D:\Descargas\ProyectoF\Proyecto\Proyecto\Model.cpp(138,14): warning C4477: 'printf' : la cadena de formato '%s' requiere un argumento de tipo 'char *', pero el argumento variádico 1 tiene el tipo 'std::string'
D:\Descargas\ProyectoF\Proyecto\Proyecto\Model.cpp(147,14): warning C4477: 'printf' : la cadena de formato '%s' requiere un argumento de tipo 'char *', pero el argumento variádico 1 tiene el tipo 'std::string'
  Personaje.cpp
  PointLight.cpp
D:\Descargas\ProyectoF\Proyecto\Proyecto\PointLight.cpp(28,14): warning C4244: 'argumento': conversión de 'GLfloat' a 'GLint'; posible pérdida de datos
D:\Descargas\ProyectoF\Proyecto\Proyecto\PointLight.cpp(29,14): warning C4244: 'argumento': conversión de 'GLfloat' a 'GLint'; posible pérdida de datos
D:\Descargas\ProyectoF\Proyecto\Proyecto\PointLight.cpp(30,14): warning C4244: 'argumento': conversión de 'GLfloat' a 'GLint'; posible pérdida de datos
D:\Descargas\ProyectoF\Proyecto\Proyecto\PointLight.cpp(32,14): warning C4244: 'argumento': conversión de 'GLfloat' a 'GLint'; posible pérdida de datos
D:\Descargas\ProyectoF\Proyecto\Proyecto\PointLight.cpp(33,14): warning C4244: 'argumento': conversión de 'GLfloat' a 'GLint'; posible pérdida de datos
D:\Descargas\ProyectoF\Proyecto\Proyecto\PointLight.cpp(34,14): warning C4244: 'argumento': conversión de 'GLfloat' a 'GLint'; posible pérdida de datos
D:\Descargas\ProyectoF\Proyecto\Proyecto\PointLight.cpp(35,14): warning C4244: 'argumento': conversión de 'GLfloat' a 'GLint'; posible pérdida de datos
  proyecto.cpp
D:\Descargas\ProyectoF\Proyecto\Proyecto\Window.h(12,36): warning C4244: 'return': conversión de 'GLint' a 'GLfloat'; posible pérdida de datos
D:\Descargas\ProyectoF\Proyecto\Proyecto\Window.h(13,37): warning C4244: 'return': conversión de 'GLint' a 'GLfloat'; posible pérdida de datos
D:\Descargas\ProyectoF\Proyecto\Proyecto\proyecto.cpp(164,12): warning C4244: 'argumento': conversión de 'time_t' a 'unsigned int'; posible pérdida de datos
D:\Descargas\ProyectoF\Proyecto\Proyecto\proyecto.cpp(170,12): warning C4244: 'argumento': conversión de 'time_t' a 'unsigned int'; posible pérdida de datos
D:\Descargas\ProyectoF\Proyecto\Proyecto\proyecto.cpp(233,28): warning C4305: 'inicializando': truncamiento de 'double' a 'GLfloat'
D:\Descargas\ProyectoF\Proyecto\Proyecto\proyecto.cpp(348,18): warning C4305: '=': truncamiento de 'double' a 'float'
D:\Descargas\ProyectoF\Proyecto\Proyecto\proyecto.cpp(471,21): warning C4244: 'inicializando': conversión de 'double' a 'float'; posible pérdida de datos
D:\Descargas\ProyectoF\Proyecto\Proyecto\proyecto.cpp(479,15): warning C4244: 'inicializando': conversión de 'double' a 'GLfloat'; posible pérdida de datos
D:\Descargas\ProyectoF\Proyecto\Proyecto\proyecto.cpp(481,33): warning C4244: '+=': conversión de 'double' a 'GLfloat'; posible pérdida de datos
D:\Descargas\ProyectoF\Proyecto\Proyecto\proyecto.cpp(815,18): warning C4305: '=': truncamiento de 'double' a 'float'
D:\Descargas\ProyectoF\Proyecto\Proyecto\proyecto.cpp(933,39): warning C4244: '=': conversión de 'double' a 'float'; posible pérdida de datos
  Shader_light.cpp
D:\Descargas\ProyectoF\Proyecto\Proyecto\Shader_light.cpp(207,75): warning C4244: 'argumento': conversión de 'GLuint' a 'GLfloat'; posible pérdida de datos
D:\Descargas\ProyectoF\Proyecto\Proyecto\Shader_light.cpp(207,26): warning C4244: 'argumento': conversión de 'GLuint' a 'GLfloat'; posible pérdida de datos
D:\Descargas\ProyectoF\Proyecto\Proyecto\Shader_light.cpp(206,91): warning C4244: 'argumento': conversión de 'GLuint' a 'GLfloat'; posible pérdida de datos
D:\Descargas\ProyectoF\Proyecto\Proyecto\Shader_light.cpp(206,42): warning C4244: 'argumento': conversión de 'GLuint' a 'GLfloat'; posible pérdida de datos
D:\Descargas\ProyectoF\Proyecto\Proyecto\Shader_light.cpp(220,98): warning C4244: 'argumento': conversión de 'GLuint' a 'GLfloat'; posible pérdida de datos
D:\Descargas\ProyectoF\Proyecto\Proyecto\Shader_light.cpp(220,62): warning C4244: 'argumento': conversión de 'GLuint' a 'GLfloat'; posible pérdida de datos
D:\Descargas\ProyectoF\Proyecto\Proyecto\Shader_light.cpp(220,24): warning C4244: 'argumento': conversión de 'GLuint' a 'GLfloat'; posible pérdida de datos
D:\Descargas\ProyectoF\Proyecto\Proyecto\Shader_light.cpp(219,70): warning C4244: 'argumento': conversión de 'GLuint' a 'GLfloat'; posible pérdida de datos
D:\Descargas\ProyectoF\Proyecto\Proyecto\Shader_light.cpp(219,24): warning C4244: 'argumento': conversión de 'GLuint' a 'GLfloat'; posible pérdida de datos
D:\Descargas\ProyectoF\Proyecto\Proyecto\Shader_light.cpp(218,88): warning C4244: 'argumento': conversión de 'GLuint' a 'GLfloat'; posible pérdida de datos
D:\Descargas\ProyectoF\Proyecto\Proyecto\Shader_light.cpp(218,42): warning C4244: 'argumento': conversión de 'GLuint' a 'GLfloat'; posible pérdida de datos
  Skybox.cpp
  Sphere.cpp
D:\Descargas\ProyectoF\Proyecto\Proyecto\Sphere.cpp(39,13): warning C4244: 'inicializando': conversión de 'double' a 'float'; posible pérdida de datos
D:\Descargas\ProyectoF\Proyecto\Proyecto\Sphere.cpp(43,16): warning C4244: 'inicializando': conversión de 'double' a 'float'; posible pérdida de datos
  SpotLight.cpp
  Texture.cpp
  Window.cpp
D:\Descargas\ProyectoF\Proyecto\Proyecto\Window.h(12,36): warning C4244: 'return': conversión de 'GLint' a 'GLfloat'; posible pérdida de datos
D:\Descargas\ProyectoF\Proyecto\Proyecto\Window.h(13,37): warning C4244: 'return': conversión de 'GLint' a 'GLfloat'; posible pérdida de datos
D:\Descargas\ProyectoF\Proyecto\Proyecto\Window.cpp(202,22): warning C4244: '=': conversión de 'double' a 'GLfloat'; posible pérdida de datos
D:\Descargas\ProyectoF\Proyecto\Proyecto\Window.cpp(203,22): warning C4244: '=': conversión de 'double' a 'GLfloat'; posible pérdida de datos
D:\Descargas\ProyectoF\Proyecto\Proyecto\Window.cpp(207,28): warning C4244: '=': conversión de 'double' a 'GLfloat'; posible pérdida de datos
D:\Descargas\ProyectoF\Proyecto\Proyecto\Window.cpp(208,40): warning C4244: '=': conversión de 'double' a 'GLfloat'; posible pérdida de datos
D:\Descargas\ProyectoF\Proyecto\Proyecto\Window.cpp(210,21): warning C4244: '=': conversión de 'double' a 'GLfloat'; posible pérdida de datos
D:\Descargas\ProyectoF\Proyecto\Proyecto\Window.cpp(211,21): warning C4244: '=': conversión de 'double' a 'GLfloat'; posible pérdida de datos
  Generando código
D:\Descargas\ProyectoF\Proyecto\Proyecto\Window.cpp(78): warning C4715: 'Window::Initialise': no todas las rutas de acceso de control devuelven un valor
  907 of 921 functions (98.5%) were compiled, the rest were copied from previous compilation.
    55 functions were new in current compilation
    2 functions had inline decision re-evaluated but remain unchanged
  Generación de código finalizada
  Proyecto.vcxproj -> D:\Descargas\ProyectoF\Proyecto\Release\Proyecto.exe
