  Camera.cpp
  Casilla.cpp
  DirectionalLight.cpp
  Light.cpp
C:\Users\HP\Desktop\Proyecto\Proyecto\DirectionalLight.cpp(18,14): warning C4244: 'argumento': conversión de 'GLfloat' a 'GLint'; posible pérdida de datos
C:\Users\HP\Desktop\Proyecto\Proyecto\DirectionalLight.cpp(19,14): warning C4244: 'argumento': conversión de 'GLfloat' a 'GLint'; posible pérdida de datos
C:\Users\HP\Desktop\Proyecto\Proyecto\DirectionalLight.cpp(21,14): warning C4244: 'argumento': conversión de 'GLfloat' a 'GLint'; posible pérdida de datos
C:\Users\HP\Desktop\Proyecto\Proyecto\DirectionalLight.cpp(22,14): warning C4244: 'argumento': conversión de 'GLfloat' a 'GLint'; posible pérdida de datos
  Material.cpp
  Mesh_tn.cpp
  Model.cpp
C:\Users\HP\Desktop\Proyecto\Proyecto\Model.cpp(16,10): warning C4477: 'printf' : la cadena de formato '%s' requiere un argumento de tipo 'char *', pero el argumento variádico 1 tiene el tipo 'const std::string'
C:\Users\HP\Desktop\Proyecto\Proyecto\Model.cpp(16,80): warning C4474: "printf": se pasaron demasiados argumentos para la cadena de formato
C:\Users\HP\Desktop\Proyecto\Proyecto\Model.cpp(51,7): warning C4804: '<': uso no seguro del tipo 'bool' en la operación
C:\Users\HP\Desktop\Proyecto\Proyecto\Model.cpp(51,21): warning C4018: '<': no coinciden signed/unsigned
C:\Users\HP\Desktop\Proyecto\Proyecto\Model.cpp(138,14): warning C4477: 'printf' : la cadena de formato '%s' requiere un argumento de tipo 'char *', pero el argumento variádico 1 tiene el tipo 'std::string'
C:\Users\HP\Desktop\Proyecto\Proyecto\Model.cpp(147,14): warning C4477: 'printf' : la cadena de formato '%s' requiere un argumento de tipo 'char *', pero el argumento variádico 1 tiene el tipo 'std::string'
  Personaje.cpp
  PointLight.cpp
C:\Users\HP\Desktop\Proyecto\Proyecto\PointLight.cpp(28,14): warning C4244: 'argumento': conversión de 'GLfloat' a 'GLint'; posible pérdida de datos
C:\Users\HP\Desktop\Proyecto\Proyecto\PointLight.cpp(29,14): warning C4244: 'argumento': conversión de 'GLfloat' a 'GLint'; posible pérdida de datos
C:\Users\HP\Desktop\Proyecto\Proyecto\PointLight.cpp(30,14): warning C4244: 'argumento': conversión de 'GLfloat' a 'GLint'; posible pérdida de datos
C:\Users\HP\Desktop\Proyecto\Proyecto\PointLight.cpp(32,14): warning C4244: 'argumento': conversión de 'GLfloat' a 'GLint'; posible pérdida de datos
C:\Users\HP\Desktop\Proyecto\Proyecto\PointLight.cpp(33,14): warning C4244: 'argumento': conversión de 'GLfloat' a 'GLint'; posible pérdida de datos
C:\Users\HP\Desktop\Proyecto\Proyecto\PointLight.cpp(34,14): warning C4244: 'argumento': conversión de 'GLfloat' a 'GLint'; posible pérdida de datos
C:\Users\HP\Desktop\Proyecto\Proyecto\PointLight.cpp(35,14): warning C4244: 'argumento': conversión de 'GLfloat' a 'GLint'; posible pérdida de datos
  proyecto.cpp
C:\Users\HP\Desktop\Proyecto\Proyecto\Window.h(12,36): warning C4244: 'return': conversión de 'GLint' a 'GLfloat'; posible pérdida de datos
C:\Users\HP\Desktop\Proyecto\Proyecto\Window.h(13,37): warning C4244: 'return': conversión de 'GLint' a 'GLfloat'; posible pérdida de datos
C:\Users\HP\Desktop\Proyecto\Proyecto\proyecto.cpp(178,12): warning C4244: 'argumento': conversión de 'time_t' a 'unsigned int'; posible pérdida de datos
C:\Users\HP\Desktop\Proyecto\Proyecto\proyecto.cpp(184,12): warning C4244: 'argumento': conversión de 'time_t' a 'unsigned int'; posible pérdida de datos
C:\Users\HP\Desktop\Proyecto\Proyecto\proyecto.cpp(247,28): warning C4305: 'inicializando': truncamiento de 'double' a 'GLfloat'
C:\Users\HP\Desktop\Proyecto\Proyecto\proyecto.cpp(366,18): warning C4305: '=': truncamiento de 'double' a 'float'
C:\Users\HP\Desktop\Proyecto\Proyecto\proyecto.cpp(491,21): warning C4244: 'inicializando': conversión de 'double' a 'float'; posible pérdida de datos
C:\Users\HP\Desktop\Proyecto\Proyecto\proyecto.cpp(499,15): warning C4244: 'inicializando': conversión de 'double' a 'GLfloat'; posible pérdida de datos
C:\Users\HP\Desktop\Proyecto\Proyecto\proyecto.cpp(501,33): warning C4244: '+=': conversión de 'double' a 'GLfloat'; posible pérdida de datos
C:\Users\HP\Desktop\Proyecto\Proyecto\proyecto.cpp(877,18): warning C4305: '=': truncamiento de 'double' a 'float'
C:\Users\HP\Desktop\Proyecto\Proyecto\proyecto.cpp(995,39): warning C4244: '=': conversión de 'double' a 'float'; posible pérdida de datos
C:\Users\HP\Desktop\Proyecto\Proyecto\proyecto.cpp(1034,35): warning C4244: 'inicializando': conversión de 'double' a 'float'; posible pérdida de datos
C:\Users\HP\Desktop\Proyecto\Proyecto\proyecto.cpp(1035,31): warning C4244: 'inicializando': conversión de 'double' a 'float'; posible pérdida de datos
C:\Users\HP\Desktop\Proyecto\Proyecto\proyecto.cpp(1050,37): warning C4244: 'inicializando': conversión de 'double' a 'float'; posible pérdida de datos
C:\Users\HP\Desktop\Proyecto\Proyecto\proyecto.cpp(1051,33): warning C4244: 'inicializando': conversión de 'double' a 'float'; posible pérdida de datos
  Shader_light.cpp
C:\Users\HP\Desktop\Proyecto\Proyecto\Shader_light.cpp(207,75): warning C4244: 'argumento': conversión de 'GLuint' a 'GLfloat'; posible pérdida de datos
C:\Users\HP\Desktop\Proyecto\Proyecto\Shader_light.cpp(207,26): warning C4244: 'argumento': conversión de 'GLuint' a 'GLfloat'; posible pérdida de datos
C:\Users\HP\Desktop\Proyecto\Proyecto\Shader_light.cpp(206,91): warning C4244: 'argumento': conversión de 'GLuint' a 'GLfloat'; posible pérdida de datos
C:\Users\HP\Desktop\Proyecto\Proyecto\Shader_light.cpp(206,42): warning C4244: 'argumento': conversión de 'GLuint' a 'GLfloat'; posible pérdida de datos
C:\Users\HP\Desktop\Proyecto\Proyecto\Shader_light.cpp(220,98): warning C4244: 'argumento': conversión de 'GLuint' a 'GLfloat'; posible pérdida de datos
C:\Users\HP\Desktop\Proyecto\Proyecto\Shader_light.cpp(220,62): warning C4244: 'argumento': conversión de 'GLuint' a 'GLfloat'; posible pérdida de datos
C:\Users\HP\Desktop\Proyecto\Proyecto\Shader_light.cpp(220,24): warning C4244: 'argumento': conversión de 'GLuint' a 'GLfloat'; posible pérdida de datos
C:\Users\HP\Desktop\Proyecto\Proyecto\Shader_light.cpp(219,70): warning C4244: 'argumento': conversión de 'GLuint' a 'GLfloat'; posible pérdida de datos
C:\Users\HP\Desktop\Proyecto\Proyecto\Shader_light.cpp(219,24): warning C4244: 'argumento': conversión de 'GLuint' a 'GLfloat'; posible pérdida de datos
C:\Users\HP\Desktop\Proyecto\Proyecto\Shader_light.cpp(218,88): warning C4244: 'argumento': conversión de 'GLuint' a 'GLfloat'; posible pérdida de datos
C:\Users\HP\Desktop\Proyecto\Proyecto\Shader_light.cpp(218,42): warning C4244: 'argumento': conversión de 'GLuint' a 'GLfloat'; posible pérdida de datos
  Skybox.cpp
  Sphere.cpp
C:\Users\HP\Desktop\Proyecto\Proyecto\Sphere.cpp(39,13): warning C4244: 'inicializando': conversión de 'double' a 'float'; posible pérdida de datos
C:\Users\HP\Desktop\Proyecto\Proyecto\Sphere.cpp(43,16): warning C4244: 'inicializando': conversión de 'double' a 'float'; posible pérdida de datos
  SpotLight.cpp
  Texture.cpp
  Window.cpp
C:\Users\HP\Desktop\Proyecto\Proyecto\Window.h(12,36): warning C4244: 'return': conversión de 'GLint' a 'GLfloat'; posible pérdida de datos
C:\Users\HP\Desktop\Proyecto\Proyecto\Window.h(13,37): warning C4244: 'return': conversión de 'GLint' a 'GLfloat'; posible pérdida de datos
C:\Users\HP\Desktop\Proyecto\Proyecto\Window.cpp(201,22): warning C4244: '=': conversión de 'double' a 'GLfloat'; posible pérdida de datos
C:\Users\HP\Desktop\Proyecto\Proyecto\Window.cpp(202,22): warning C4244: '=': conversión de 'double' a 'GLfloat'; posible pérdida de datos
C:\Users\HP\Desktop\Proyecto\Proyecto\Window.cpp(206,28): warning C4244: '=': conversión de 'double' a 'GLfloat'; posible pérdida de datos
C:\Users\HP\Desktop\Proyecto\Proyecto\Window.cpp(207,40): warning C4244: '=': conversión de 'double' a 'GLfloat'; posible pérdida de datos
C:\Users\HP\Desktop\Proyecto\Proyecto\Window.cpp(209,21): warning C4244: '=': conversión de 'double' a 'GLfloat'; posible pérdida de datos
C:\Users\HP\Desktop\Proyecto\Proyecto\Window.cpp(210,21): warning C4244: '=': conversión de 'double' a 'GLfloat'; posible pérdida de datos
  Generando código...
C:\Users\HP\Desktop\Proyecto\Proyecto\Window.cpp(78,1): warning C4715: 'Window::Initialise': no todas las rutas de acceso de control devuelven un valor
  LINK : no se encontró C:\Users\HP\Desktop\Proyecto\Debug\Proyecto.exe o no lo generó el último vínculo incremental; ejecutando vínculo completo
LINK : warning LNK4098: la biblioteca predeterminada'MSVCRT' entra en conflicto con otras bibliotecas; use la biblioteca /NODEFAULTLIB:biblioteca
  Proyecto.vcxproj -> C:\Users\HP\Desktop\Proyecto\Debug\Proyecto.exe
